<?xml version="1.0" encoding="UTF-8"?>
<testng-results ignored="0" total="1" passed="1" failed="0" skipped="0">
  <reporter-output>
  </reporter-output>
  <suite started-at="2023-04-01T11:26:07 IST" name="Default suite" finished-at="2023-04-01T11:26:41 IST" duration-ms="34242">
    <groups>
    </groups>
    <test started-at="2023-04-01T11:26:07 IST" name="Default test" finished-at="2023-04-01T11:26:41 IST" duration-ms="34242">
      <class name="com.appium.Phone">
        <test-method signature="Appinfo2()[pri:0, instance:com.appium.Phone@6bd61f98]" started-at="2023-04-01T11:26:07 IST" name="Appinfo2" finished-at="2023-04-01T11:26:41 IST" duration-ms="34099" status="PASS">
          <reporter-output>
          </reporter-output>
        </test-method> <!-- Appinfo2 -->
      </class> <!-- com.appium.Phone -->
    </test> <!-- Default test -->
  </suite> <!-- Default suite -->
</testng-results>
